Error: listen EADDRINUSE: address already in use 0.0.0.0:4000
    at Server.setupListenHandle [as _listen2] (node:net:1940:16)
    at listenInCluster (node:net:1997:12)
    at node:net:2206:7
    at process.processTicksAndRejections (node:internal/process/task_queues:89:21) {
  code: 'EADDRINUSE',
  errno: -4091,
  syscall: 'listen',
  address: '0.0.0.0',
  port: 4000
}
Error: listen EADDRINUSE: address already in use 0.0.0.0:4000
    at Server.setupListenHandle [as _listen2] (node:net:1940:16)
    at listenInCluster (node:net:1997:12)
    at node:net:2206:7
    at process.processTicksAndRejections (node:internal/process/task_queues:89:21) {
  code: 'EADDRINUSE',
  errno: -4091,
  syscall: 'listen',
  address: '0.0.0.0',
  port: 4000
}
C:\Users\jason\OneDrive\Documents\New project\apps\api\src\lib\store.ts:3353
      .doc(starterTemplate.id)
           ^

ReferenceError: starterTemplate is not defined
    at createStore (C:\Users\jason\OneDrive\Documents\New project\apps\api\src\lib\store.ts:3353:12)
    at async <anonymous> (C:\Users\jason\OneDrive\Documents\New project\apps\api\src\lib\store.ts:3360:29)

Node.js v24.13.1
Error: listen EADDRINUSE: address already in use 0.0.0.0:4000
    at Server.setupListenHandle [as _listen2] (node:net:1940:16)
    at listenInCluster (node:net:1997:12)
    at node:net:2206:7
    at process.processTicksAndRejections (node:internal/process/task_queues:89:21) {
  code: 'EADDRINUSE',
  errno: -4091,
  syscall: 'listen',
  address: '0.0.0.0',
  port: 4000
}
Error: listen EADDRINUSE: address already in use 0.0.0.0:4000
    at Server.setupListenHandle [as _listen2] (node:net:1940:16)
    at listenInCluster (node:net:1997:12)
    at node:net:2206:7
    at process.processTicksAndRejections (node:internal/process/task_queues:89:21) {
  code: 'EADDRINUSE',
  errno: -4091,
  syscall: 'listen',
  address: '0.0.0.0',
  port: 4000
}
